srun: warning: can't honor --ntasks-per-node set to 4 which doesn't match the requested tasks 16 with the number of requested nodes 1. Ignoring --ntasks-per-node.
No surfaceHeatBoundaryData.type specified, so zero flux set. Only relevant for amr.isothermal = false !!!
No surfaceHeatBoundaryData.type specified, so zero flux set. Only relevant for amr.isothermal = false !!!
No surfaceHeatBoundaryData.type specified, so zero flux set. Only relevant for amr.isothermal = false !!!
No surfaceHeatBoundaryData.type specified, so zero flux set. Only relevant for amr.isothermal = false !!!
No surfaceHeatBoundaryData.type specified, so zero flux set. Only relevant for amr.isothermal = false !!!
No surfaceHeatBoundaryData.type specified, so zero flux set. Only relevant for amr.isothermal = false !!!
No surfaceHeatBoundaryData.type specified, so zero flux set. Only relevant for amr.isothermal = false !!!
No surfaceHeatBoundaryData.type specified, so zero flux set. Only relevant for amr.isothermal = false !!!
No surfaceHeatBoundaryData.type specified, so zero flux set. Only relevant for amr.isothermal = false !!!
No surfaceHeatBoundaryData.type specified, so zero flux set. Only relevant for amr.isothermal = false !!!
No surfaceHeatBoundaryData.type specified, so zero flux set. Only relevant for amr.isothermal = false !!!
No surfaceHeatBoundaryData.type specified, so zero flux set. Only relevant for amr.isothermal = false !!!
No surfaceHeatBoundaryData.type specified, so zero flux set. Only relevant for amr.isothermal = false !!!
No surfaceHeatBoundaryData.type specified, so zero flux set. Only relevant for amr.isothermal = false !!!
No surfaceHeatBoundaryData.type specified, so zero flux set. Only relevant for amr.isothermal = false !!!
No surfaceHeatBoundaryData.type specified, so zero flux set. Only relevant for amr.isothermal = false !!!
ViscousTensorOp.cpp:1422: Assertion `m_relaxCoef[dit()].norm(0) < 1.0e+15' failed. !!!
srun: error: nid006527: task 1: Aborted
srun: Terminating StepId=18406714.0
slurmstepd: error: *** STEP 18406714.0 ON nid006527 CANCELLED AT 2023-11-19T21:24:39 ***
srun: error: nid006527: tasks 0,2-15: Terminated
srun: Force Terminated StepId=18406714.0
